diamantovyMuzDva/app/build/intermediates/manifest_merge_blame_file/debug/manifest-merger-blame-debug-report.txt
1<?xml version="1.0" encoding="utf-8"?>
2<manifest xmlns:android="http://schemas.android.com/apk/res/android"
3    package="com.diamantovymuzDva"
4    android:versionCode="1"
5    android:versionName="1.0" >
6
7    <uses-sdk
8        android:minSdkVersion="21"
9        android:targetSdkVersion="34" />
10
11    <uses-feature
11-->src/main/AndroidManifest.xml:4:5-6:36
12        android:name="android.hardware.touchscreen"
12-->src/main/AndroidManifest.xml:5:9-52
13        android:required="false" />
13-->src/main/AndroidManifest.xml:6:9-33
14    <uses-feature
14-->src/main/AndroidManifest.xml:7:5-9:35
15        android:name="android.software.leanback"
15-->src/main/AndroidManifest.xml:8:9-49
16        android:required="true" />
16-->src/main/AndroidManifest.xml:9:9-32
17
18    <uses-permission android:name="android.permission.INTERNET" />
18-->src/main/AndroidManifest.xml:11:5-67
18-->src/main/AndroidManifest.xml:11:22-64
19
20    <application
20-->src/main/AndroidManifest.xml:13:5-30:19
21        android:allowBackup="true"
21-->src/main/AndroidManifest.xml:14:9-35
22        android:appComponentFactory="androidx.core.app.CoreComponentFactory"
22-->[androidx.core:core:1.0.0] AndroidManifest.xml:22:18-86
23        android:banner="@drawable/banner"
23-->src/main/AndroidManifest.xml:17:9-42
24        android:debuggable="true"
25        android:extractNativeLibs="true"
26        android:icon="@mipmap/ic_launcher"
26-->src/main/AndroidManifest.xml:15:9-43
27        android:isGame="true"
27-->src/main/AndroidManifest.xml:18:9-30
28        android:label="Diamantový Muž 2"
28-->src/main/AndroidManifest.xml:16:9-41
29        android:theme="@style/Theme.Leanback" >
29-->src/main/AndroidManifest.xml:19:9-46
30        <activity
30-->src/main/AndroidManifest.xml:20:9-29:20
31            android:name="com.diamantovymuzDva.MainActivity"
31-->src/main/AndroidManifest.xml:21:13-41
32            android:configChanges="orientation|keyboardHidden|screenSize"
32-->src/main/AndroidManifest.xml:24:13-74
33            android:exported="true"
33-->src/main/AndroidManifest.xml:22:13-36
34            android:screenOrientation="landscape" >
34-->src/main/AndroidManifest.xml:23:13-50
35            <intent-filter>
35-->src/main/AndroidManifest.xml:25:13-28:29
36                <action android:name="android.intent.action.MAIN" />
36-->src/main/AndroidManifest.xml:26:17-69
36-->src/main/AndroidManifest.xml:26:25-66
37
38                <category android:name="android.intent.category.LEANBACK_LAUNCHER" />
38-->src/main/AndroidManifest.xml:27:17-86
38-->src/main/AndroidManifest.xml:27:27-83
39            </intent-filter>
40        </activity>
41    </application>
42
43</manifest>